<?xml version="1.0" encoding="UTF-8"?>
<!-- Generated by org.testng.reporters.JUnitReportReporter -->
<testsuite hostname="CBT-088" name="com.auvenir.ui.tests.AuditorTest" tests="13" failures="0" timestamp="7 Mar 2017 11:39:46 GMT" time="186.220" errors="0">
  <testcase name="engagementFilesPage" time="7.502" classname="com.auvenir.ui.tests.AuditorTest"/>
  <testcase name="auditorEngagementPage" time="40.511" classname="com.auvenir.ui.tests.AuditorTest"/>
  <testcase name="engagementArchivePage" time="8.627" classname="com.auvenir.ui.tests.AuditorTest"/>
  <testcase name="auditorSettingsAccountPage" time="11.531" classname="com.auvenir.ui.tests.AuditorTest"/>
  <testcase name="auditorDashboardPage" time="12.711" classname="com.auvenir.ui.tests.AuditorTest"/>
  <testcase name="auditorOnboardingPage" time="43.705" classname="com.auvenir.ui.tests.AuditorTest"/>
  <testcase name="engagementRequestsPage" time="7.396" classname="com.auvenir.ui.tests.AuditorTest"/>
  <testcase name="engagementClientPage" time="5.289" classname="com.auvenir.ui.tests.AuditorTest"/>
  <testcase name="addNewClientPage" time="6.650" classname="com.auvenir.ui.tests.AuditorTest"/>
  <testcase name="auditorSettingsNotificationPage" time="11.287" classname="com.auvenir.ui.tests.AuditorTest"/>
  <testcase name="engagementActivityPage" time="7.112" classname="com.auvenir.ui.tests.AuditorTest"/>
  <testcase name="auditorLoginPage" time="18.934" classname="com.auvenir.ui.tests.AuditorTest"/>
  <testcase name="auditorClientPage" time="4.965" classname="com.auvenir.ui.tests.AuditorTest"/>
</testsuite> <!-- com.auvenir.testst -->
