<?xml version="1.0" encoding="UTF-8"?>
<!-- Generated by org.testng.reporters.JUnitReportReporter -->
<testsuite hostname="CBT-088" name="com.auvenir.ui.tests.CareerTest" tests="1" failures="0" timestamp="7 Mar 2017 11:39:46 GMT" time="10.422" errors="0">
  <testcase name="careerPage" time="10.422" classname="com.auvenir.ui.tests.CareerTest"/>
</testsuite> <com.auvenir.ui.testsests -->
