<?xml version="1.0" encoding="UTF-8"?>
<!-- Generated by org.testng.reporters.JUnitReportReporter -->
<testsuite hostname="CBT-088" name="com.auvenir.ui.tests.SupportTest" tests="1" failures="0" timestamp="7 Mar 2017 11:39:46 GMT" time="26.916" errors="0">
  <testcase name="supportPage" time="26.916" classname="com.auvenir.ui.tests.SupportTest"/>
</testsuite> <!-- com.auvenir.testst -->
